/*C3*/SET SCHEMA PUBLIC
INSERT INTO CARSERVICE VALUES(52,'\u0410\u043b\u0435\u043a\u0441\u0430\u043d\u0434\u0440\u043e\u0432\u0441\u043a\u043e\u0435','\u0433.\u0418\u0440\u043a\u0443\u0442\u0441\u043a, \u0410\u043b\u0435\u043a\u0441\u0430\u043d\u0434\u0440\u043e\u0432\u0441\u043a\u043e\u0435 \u0448\u043e\u0441\u0441\u0435 11 \u043a\u043c',10,20)
COMMIT
INSERT INTO CARSERVICE VALUES(53,'\u041d\u0430 \u0428\u0438\u0440\u044f\u043c\u0432\u0430','\u0433.\u0418\u0440\u043a\u0443\u0442\u0441\u043a, \u0443\u043b. \u0428\u0438\u0440\u044f\u043c\u043e\u0432\u0430 10',9,19)
COMMIT
INSERT INTO COLOR VALUES(36,'\u041a\u0440\u0430\u0441\u043d\u044b\u0439','255 0 0')
COMMIT
INSERT INTO COLOR VALUES(37,'\u041e\u0440\u0430\u043d\u0436\u0435\u0432\u044b\u0439','255 128 0')
COMMIT
DELETE FROM MARK WHERE ID=32
INSERT INTO MARK VALUES(32,'Audi')
COMMIT
DELETE FROM MARK WHERE ID=32
COMMIT
DELETE FROM MARK WHERE ID=33
INSERT INTO MARK VALUES(33,'BMW')
COMMIT
DELETE FROM MARK WHERE ID=33
COMMIT
INSERT INTO MACHINE VALUES(11,'\u041b\u044e\u043a\u0441','','2018-03-31',NULL,NULL,5,NULL,NULL,NULL)
COMMIT
INSERT INTO MACHINE VALUES(12,'\u041b\u044e\u043a\u0441','0','2018-03-31',NULL,NULL,5,NULL,NULL,NULL)
COMMIT
INSERT INTO MACHINE VALUES(13,'\u041b\u044e\u043a\u0441','','2018-03-31',NULL,NULL,5,NULL,NULL,NULL)
COMMIT
INSERT INTO MACHINE VALUES(14,'\u041b\u044e\u043a\u0441','','2018-03-31',NULL,NULL,5,NULL,NULL,NULL)
COMMIT
DISCONNECT
